{"C:\\Users\\User\\Documents\\MICROVERSE\\last project js\\javaScript-capstone-project\\src\\commentCounter.js": {"path":"C:\\Users\\User\\Documents\\MICROVERSE\\last project js\\javaScript-capstone-project\\src\\commentCounter.js","statementMap":{"0":{"start":{"line":1,"column":23},"end":{"line":1,"column":46}},"1":{"start":{"line":1,"column":34},"end":{"line":1,"column":46}}},"fnMap":{"0":{"name":"(anonymous_0)","decl":{"start":{"line":1,"column":23},"end":{"line":1,"column":24}},"loc":{"start":{"line":1,"column":34},"end":{"line":1,"column":46}},"line":1}},"branchMap":{},"s":{"0":1,"1":3},"f":{"0":3},"b":{},"_coverageSchema":"1a1c01bbd47fc00a2c39e90264f33305004495a9","hash":"58f19ddbc62e11b28d46fab356ace1b75a4d5e26"}
,"C:\\Users\\User\\Documents\\MICROVERSE\\last project js\\javaScript-capstone-project\\src\\homeCounter.js": {"path":"C:\\Users\\User\\Documents\\MICROVERSE\\last project js\\javaScript-capstone-project\\src\\homeCounter.js","statementMap":{"0":{"start":{"line":3,"column":20},"end":{"line":3,"column":43}},"1":{"start":{"line":3,"column":31},"end":{"line":3,"column":43}}},"fnMap":{"0":{"name":"(anonymous_0)","decl":{"start":{"line":3,"column":20},"end":{"line":3,"column":21}},"loc":{"start":{"line":3,"column":31},"end":{"line":3,"column":43}},"line":3}},"branchMap":{},"s":{"0":1,"1":1},"f":{"0":1},"b":{},"_coverageSchema":"1a1c01bbd47fc00a2c39e90264f33305004495a9","hash":"73212573feabd9343ffeefa0b274f42cebf8796c"}
,"C:\\Users\\User\\Documents\\MICROVERSE\\last project js\\javaScript-capstone-project\\src\\sum.js": {"path":"C:\\Users\\User\\Documents\\MICROVERSE\\last project js\\javaScript-capstone-project\\src\\sum.js","statementMap":{"0":{"start":{"line":2,"column":2},"end":{"line":2,"column":15}},"1":{"start":{"line":4,"column":0},"end":{"line":4,"column":21}}},"fnMap":{"0":{"name":"sum","decl":{"start":{"line":1,"column":9},"end":{"line":1,"column":12}},"loc":{"start":{"line":1,"column":19},"end":{"line":3,"column":1}},"line":1}},"branchMap":{},"s":{"0":1,"1":1},"f":{"0":1},"b":{},"_coverageSchema":"1a1c01bbd47fc00a2c39e90264f33305004495a9","hash":"bed35839093f2d10282d5c01654addacd34a0688"}
}
